<?xml version="1.0" encoding="UTF-8" ?>
<testsuite tests="12" failures="0" name="ua.edu.ucu.collections.immutable.ImmutableArrayListTest" time="0.01" errors="0" skipped="0">
  <properties>
    <property name="idea.version" value="2021.2.2"/>
    <property name="java.runtime.name" value="OpenJDK Runtime Environment"/>
    <property name="java.vm.version" value="16.0.2+7"/>
    <property name="sun.boot.library.path" value="/usr/lib/jvm/java-16-openjdk/lib"/>
    <property name="maven.multiModuleProjectDirectory" value="/home/bohdanm/Documents/Studying_year_2/term_1/Subjects/OOP/hw_2"/>
    <property name="java.vm.vendor" value="Oracle Corporation"/>
    <property name="java.vendor.url" value="https://openjdk.java.net/"/>
    <property name="guice.disable.misplaced.annotation.check" value="true"/>
    <property name="path.separator" value=":"/>
    <property name="java.vm.name" value="OpenJDK 64-Bit Server VM"/>
    <property name="user.country" value="US"/>
    <property name="sun.java.launcher" value="SUN_STANDARD"/>
    <property name="java.vm.specification.name" value="Java Virtual Machine Specification"/>
    <property name="user.dir" value="/home/bohdanm/Documents/Studying_year_2/term_1/Subjects/OOP/hw_2"/>
    <property name="java.vm.compressedOopsMode" value="32-bit"/>
    <property name="java.runtime.version" value="16.0.2+7"/>
    <property name="os.arch" value="amd64"/>
    <property name="java.io.tmpdir" value="/tmp"/>
    <property name="line.separator" value="
"/>
    <property name="java.vm.specification.vendor" value="Oracle Corporation"/>
    <property name="os.name" value="Linux"/>
    <property name="maven.ext.class.path" value="/opt/intellij-idea-ultimate-edition/plugins/maven/lib/maven-event-listener.jar"/>
    <property name="classworlds.conf" value="/opt/intellij-idea-ultimate-edition/plugins/maven/lib/maven3/bin/m2.conf"/>
    <property name="sun.jnu.encoding" value="UTF-8"/>
    <property name="java.library.path" value="/usr/java/packages/lib:/usr/lib64:/lib64:/lib:/usr/lib"/>
    <property name="maven.conf" value="/opt/intellij-idea-ultimate-edition/plugins/maven/lib/maven3/conf"/>
    <property name="jdk.debug" value="release"/>
    <property name="java.class.version" value="60.0"/>
    <property name="java.specification.name" value="Java Platform API Specification"/>
    <property name="sun.management.compiler" value="HotSpot 64-Bit Tiered Compilers"/>
    <property name="os.version" value="5.10.70-1-MANJARO"/>
    <property name="user.home" value="/home/bohdanm"/>
    <property name="user.timezone" value="Europe/Kiev"/>
    <property name="file.encoding" value="UTF-8"/>
    <property name="java.specification.version" value="16"/>
    <property name="user.name" value="bohdanm"/>
    <property name="java.class.path" value="/opt/intellij-idea-ultimate-edition/plugins/maven/lib/maven3/boot/plexus-classworlds-2.6.0.jar:/opt/intellij-idea-ultimate-edition/plugins/maven/lib/maven3/boot/plexus-classworlds.license"/>
    <property name="java.vm.specification.version" value="16"/>
    <property name="sun.arch.data.model" value="64"/>
    <property name="sun.java.command" value="org.codehaus.classworlds.Launcher -Didea.version=2021.2.2 test"/>
    <property name="java.home" value="/usr/lib/jvm/java-16-openjdk"/>
    <property name="user.language" value="en"/>
    <property name="java.specification.vendor" value="Oracle Corporation"/>
    <property name="java.vm.info" value="mixed mode"/>
    <property name="java.version" value="16.0.2"/>
    <property name="securerandom.source" value="file:/dev/./urandom"/>
    <property name="java.vendor" value="N/A"/>
    <property name="maven.home" value="/opt/intellij-idea-ultimate-edition/plugins/maven/lib/maven3"/>
    <property name="file.separator" value="/"/>
    <property name="java.version.date" value="2021-07-20"/>
    <property name="java.vendor.url.bug" value="https://bugreport.java.com/bugreport/"/>
    <property name="sun.io.unicode.encoding" value="UnicodeLittle"/>
    <property name="sun.cpu.endian" value="little"/>
  </properties>
  <testcase classname="ua.edu.ucu.collections.immutable.ImmutableArrayListTest" name="testToArray" time="0.006"/>
  <testcase classname="ua.edu.ucu.collections.immutable.ImmutableArrayListTest" name="testAddAll1" time="0"/>
  <testcase classname="ua.edu.ucu.collections.immutable.ImmutableArrayListTest" name="testAddAll2" time="0.001"/>
  <testcase classname="ua.edu.ucu.collections.immutable.ImmutableArrayListTest" name="testGet" time="0"/>
  <testcase classname="ua.edu.ucu.collections.immutable.ImmutableArrayListTest" name="testSet" time="0"/>
  <testcase classname="ua.edu.ucu.collections.immutable.ImmutableArrayListTest" name="testClear" time="0"/>
  <testcase classname="ua.edu.ucu.collections.immutable.ImmutableArrayListTest" name="testAdd1" time="0.001"/>
  <testcase classname="ua.edu.ucu.collections.immutable.ImmutableArrayListTest" name="testAdd2" time="0"/>
  <testcase classname="ua.edu.ucu.collections.immutable.ImmutableArrayListTest" name="testSize" time="0.001"/>
  <testcase classname="ua.edu.ucu.collections.immutable.ImmutableArrayListTest" name="testIndexOf" time="0"/>
  <testcase classname="ua.edu.ucu.collections.immutable.ImmutableArrayListTest" name="testIsEmpty" time="0.001"/>
  <testcase classname="ua.edu.ucu.collections.immutable.ImmutableArrayListTest" name="testRemove" time="0"/>
</testsuite>